<?xml version="1.0" encoding="UTF-8"?>
<testsuite xmlns:xsi="http://www.w3.org/2001/XMLSchema-instance" xsi:noNamespaceSchemaLocation="https://maven.apache.org/surefire/maven-surefire-plugin/xsd/surefire-test-report-3.0.xsd" version="3.0" name="com.example.demo.controller.UserControllerTest" time="13.213" tests="16" errors="0" skipped="0" failures="0">
  <properties>
[...]
</properties>
  <testcase name="deletePhone_success" classname="com.example.demo.controller.UserControllerTest" time="0.559">
    <system-out><![CDATA[&amp#27;[2m2025-05-14T17:20:53.999+03:00&amp#27;[0;39m &amp#27;[32m INFO&amp#27;[0;39m &amp#27;[35m54061&amp#27;[0;39m &amp#27;[2m---&amp#27;[0;39m &amp#27;[2m[           main]&amp#27;[0;39m &amp#27;[2m&amp#27;[0;39m&amp#27;[36mt.c.s.AnnotationConfigContextLoaderUtils&amp#27;[0;39m &amp#27;[2m:&amp#27;[0;39m Could not detect default configuration classes for test class [com.example.demo.controller.UserControllerTest]: UserControllerTest does not declare any static, non-private, non-final, nested classes annotated with @Configuration.
&amp#27;[2m2025-05-14T17:20:54.025+03:00&amp#27;[0;39m &amp#27;[32m INFO&amp#27;[0;39m &amp#27;[35m54061&amp#27;[0;39m &amp#27;[2m---&amp#27;[0;39m &amp#27;[2m[           main]&amp#27;[0;39m &amp#27;[2m&amp#27;[0;39m&amp#27;[36m.b.t.c.SpringBootTestContextBootstrapper&amp#27;[0;39m &amp#27;[2m:&amp#27;[0;39m Found @SpringBootConfiguration com.example.demo.DemoApplication for test class com.example.demo.controller.UserControllerTest

  .   ____          _            __ _ _
 /\\ / ___'_ __ _ _(_)_ __  __ _ \ \ \ \
( ( )\___ | '_ | '_| | '_ \/ _` | \ \ \ \
 \\/  ___)| |_)| | | | | || (_| |  ) ) ) )
  '  |____| .__|_| |_|_| |_\__, | / / / /
 =========|_|==============|___/=/_/_/_/
&amp#27;[32m :: Spring Boot :: &amp#27;[39m              &amp#27;[2m (v3.2.5)&amp#27;[0;39m

&amp#27;[2m2025-05-14T17:20:54.047+03:00&amp#27;[0;39m &amp#27;[32m INFO&amp#27;[0;39m &amp#27;[35m54061&amp#27;[0;39m &amp#27;[2m---&amp#27;[0;39m &amp#27;[2m[           main]&amp#27;[0;39m &amp#27;[2m&amp#27;[0;39m&amp#27;[36mc.e.demo.controller.UserControllerTest  &amp#27;[0;39m &amp#27;[2m:&amp#27;[0;39m Starting UserControllerTest using Java 22.0.2 with PID 54061 (started by admin in /Users/admin/Documents/java-demo)
&amp#27;[2m2025-05-14T17:20:54.048+03:00&amp#27;[0;39m &amp#27;[32m INFO&amp#27;[0;39m &amp#27;[35m54061&amp#27;[0;39m &amp#27;[2m---&amp#27;[0;39m &amp#27;[2m[           main]&amp#27;[0;39m &amp#27;[2m&amp#27;[0;39m&amp#27;[36mc.e.demo.controller.UserControllerTest  &amp#27;[0;39m &amp#27;[2m:&amp#27;[0;39m The following 1 profile is active: "test"
&amp#27;[2m2025-05-14T17:20:54.395+03:00&amp#27;[0;39m &amp#27;[32m INFO&amp#27;[0;39m &amp#27;[35m54061&amp#27;[0;39m &amp#27;[2m---&amp#27;[0;39m &amp#27;[2m[           main]&amp#27;[0;39m &amp#27;[2m&amp#27;[0;39m&amp#27;[36m.s.d.r.c.RepositoryConfigurationDelegate&amp#27;[0;39m &amp#27;[2m:&amp#27;[0;39m Multiple Spring Data modules found, entering strict repository configuration mode
&amp#27;[2m2025-05-14T17:20:54.396+03:00&amp#27;[0;39m &amp#27;[32m INFO&amp#27;[0;39m &amp#27;[35m54061&amp#27;[0;39m &amp#27;[2m---&amp#27;[0;39m &amp#27;[2m[           main]&amp#27;[0;39m &amp#27;[2m&amp#27;[0;39m&amp#27;[36m.s.d.r.c.RepositoryConfigurationDelegate&amp#27;[0;39m &amp#27;[2m:&amp#27;[0;39m Bootstrapping Spring Data JPA repositories in DEFAULT mode.
&amp#27;[2m2025-05-14T17:20:54.418+03:00&amp#27;[0;39m &amp#27;[32m INFO&amp#27;[0;39m &amp#27;[35m54061&amp#27;[0;39m &amp#27;[2m---&amp#27;[0;39m &amp#27;[2m[           main]&amp#27;[0;39m &amp#27;[2m&amp#27;[0;39m&amp#27;[36m.s.d.r.c.RepositoryConfigurationDelegate&amp#27;[0;39m &amp#27;[2m:&amp#27;[0;39m Finished Spring Data repository scanning in 22 ms. Found 4 JPA repository interfaces.
&amp#27;[2m2025-05-14T17:20:54.422+03:00&amp#27;[0;39m &amp#27;[32m INFO&amp#27;[0;39m &amp#27;[35m54061&amp#27;[0;39m &amp#27;[2m---&amp#27;[0;39m &amp#27;[2m[           main]&amp#27;[0;39m &amp#27;[2m&amp#27;[0;39m&amp#27;[36m.s.d.r.c.RepositoryConfigurationDelegate&amp#27;[0;39m &amp#27;[2m:&amp#27;[0;39m Multiple Spring Data modules found, entering strict repository configuration mode
&amp#27;[2m2025-05-14T17:20:54.423+03:00&amp#27;[0;39m &amp#27;[32m INFO&amp#27;[0;39m &amp#27;[35m54061&amp#27;[0;39m &amp#27;[2m---&amp#27;[0;39m &amp#27;[2m[           main]&amp#27;[0;39m &amp#27;[2m&amp#27;[0;39m&amp#27;[36m.s.d.r.c.RepositoryConfigurationDelegate&amp#27;[0;39m &amp#27;[2m:&amp#27;[0;39m Bootstrapping Spring Data Redis repositories in DEFAULT mode.
&amp#27;[2m2025-05-14T17:20:54.429+03:00&amp#27;[0;39m &amp#27;[32m INFO&amp#27;[0;39m &amp#27;[35m54061&amp#27;[0;39m &amp#27;[2m---&amp#27;[0;39m &amp#27;[2m[           main]&amp#27;[0;39m &amp#27;[2m&amp#27;[0;39m&amp#27;[36m.RepositoryConfigurationExtensionSupport&amp#27;[0;39m &amp#27;[2m:&amp#27;[0;39m Spring Data Redis - Could not safely identify store assignment for repository candidate interface com.example.demo.repository.AccountRepository; If you want this repository to be a Redis repository, consider annotating your entities with one of these annotations: org.springframework.data.redis.core.RedisHash (preferred), or consider extending one of the following types with your repository: org.springframework.data.keyvalue.repository.KeyValueRepository
&amp#27;[2m2025-05-14T17:20:54.431+03:00&amp#27;[0;39m &amp#27;[32m INFO&amp#27;[0;39m &amp#27;[35m54061&amp#27;[0;39m &amp#27;[2m---&amp#27;[0;39m &amp#27;[2m[           main]&amp#27;[0;39m &amp#27;[2m&amp#27;[0;39m&amp#27;[36m.RepositoryConfigurationExtensionSupport&amp#27;[0;39m &amp#27;[2m:&amp#27;[0;39m Spring Data Redis - Could not safely identify store assignment for repository candidate interface com.example.demo.repository.EmailDataRepository; If you want this repository to be a Redis repository, consider annotating your entities with one of these annotations: org.springframework.data.redis.core.RedisHash (preferred), or consider extending one of the following types with your repository: org.springframework.data.keyvalue.repository.KeyValueRepository
&amp#27;[2m2025-05-14T17:20:54.431+03:00&amp#27;[0;39m &amp#27;[32m INFO&amp#27;[0;39m &amp#27;[35m54061&amp#27;[0;39m &amp#27;[2m---&amp#27;[0;39m &amp#27;[2m[           main]&amp#27;[0;39m &amp#27;[2m&amp#27;[0;39m&amp#27;[36m.RepositoryConfigurationExtensionSupport&amp#27;[0;39m &amp#27;[2m:&amp#27;[0;39m Spring Data Redis - Could not safely identify store assignment for repository candidate interface com.example.demo.repository.PhoneRepository; If you want this repository to be a Redis repository, consider annotating your entities with one of these annotations: org.springframework.data.redis.core.RedisHash (preferred), or consider extending one of the following types with your repository: org.springframework.data.keyvalue.repository.KeyValueRepository
&amp#27;[2m2025-05-14T17:20:54.431+03:00&amp#27;[0;39m &amp#27;[32m INFO&amp#27;[0;39m &amp#27;[35m54061&amp#27;[0;39m &amp#27;[2m---&amp#27;[0;39m &amp#27;[2m[           main]&amp#27;[0;39m &amp#27;[2m&amp#27;[0;39m&amp#27;[36m.RepositoryConfigurationExtensionSupport&amp#27;[0;39m &amp#27;[2m:&amp#27;[0;39m Spring Data Redis - Could not safely identify store assignment for repository candidate interface com.example.demo.repository.UserRepository; If you want this repository to be a Redis repository, consider annotating your entities with one of these annotations: org.springframework.data.redis.core.RedisHash (preferred), or consider extending one of the following types with your repository: org.springframework.data.keyvalue.repository.KeyValueRepository
&amp#27;[2m2025-05-14T17:20:54.431+03:00&amp#27;[0;39m &amp#27;[32m INFO&amp#27;[0;39m &amp#27;[35m54061&amp#27;[0;39m &amp#27;[2m---&amp#27;[0;39m &amp#27;[2m[           main]&amp#27;[0;39m &amp#27;[2m&amp#27;[0;39m&amp#27;[36m.s.d.r.c.RepositoryConfigurationDelegate&amp#27;[0;39m &amp#27;[2m:&amp#27;[0;39m Finished Spring Data repository scanning in 7 ms. Found 0 Redis repository interfaces.
&amp#27;[2m2025-05-14T17:20:56.438+03:00&amp#27;[0;39m &amp#27;[32m INFO&amp#27;[0;39m &amp#27;[35m54061&amp#27;[0;39m &amp#27;[2m---&amp#27;[0;39m &amp#27;[2m[           main]&amp#27;[0;39m &amp#27;[2m&amp#27;[0;39m&amp#27;[36mcom.zaxxer.hikari.HikariDataSource      &amp#27;[0;39m &amp#27;[2m:&amp#27;[0;39m HikariPool-2 - Starting...
&amp#27;[2m2025-05-14T17:20:56.494+03:00&amp#27;[0;39m &amp#27;[32m INFO&amp#27;[0;39m &amp#27;[35m54061&amp#27;[0;39m &amp#27;[2m---&amp#27;[0;39m &amp#27;[2m[           main]&amp#27;[0;39m &amp#27;[2m&amp#27;[0;39m&amp#27;[36mtc.postgres:15                          &amp#27;[0;39m &amp#27;[2m:&amp#27;[0;39m Creating container for image: postgres:15
&amp#27;[2m2025-05-14T17:20:56.915+03:00&amp#27;[0;39m &amp#27;[32m INFO&amp#27;[0;39m &amp#27;[35m54061&amp#27;[0;39m &amp#27;[2m---&amp#27;[0;39m &amp#27;[2m[           main]&amp#27;[0;39m &amp#27;[2m&amp#27;[0;39m&amp#27;[36mtc.postgres:15                          &amp#27;[0;39m &amp#27;[2m:&amp#27;[0;39m Container postgres:15 is starting: d158c8770891936c87f2597419cf8bebbee4a265dd0d9c6a61e18a692fbc6073
&amp#27;[2m2025-05-14T17:21:04.812+03:00&amp#27;[0;39m &amp#27;[32m INFO&amp#27;[0;39m &amp#27;[35m54061&amp#27;[0;39m &amp#27;[2m---&amp#27;[0;39m &amp#27;[2m[           main]&amp#27;[0;39m &amp#27;[2m&amp#27;[0;39m&amp#27;[36mtc.postgres:15                          &amp#27;[0;39m &amp#27;[2m:&amp#27;[0;39m Container postgres:15 started in PT8.313674S
&amp#27;[2m2025-05-14T17:21:04.816+03:00&amp#27;[0;39m &amp#27;[32m INFO&amp#27;[0;39m &amp#27;[35m54061&amp#27;[0;39m &amp#27;[2m---&amp#27;[0;39m &amp#27;[2m[           main]&amp#27;[0;39m &amp#27;[2m&amp#27;[0;39m&amp#27;[36mtc.postgres:15                          &amp#27;[0;39m &amp#27;[2m:&amp#27;[0;39m Container is started (JDBC URL: jdbc:postgresql://localhost:58757/test?loggerLevel=OFF)
&amp#27;[2m2025-05-14T17:21:04.969+03:00&amp#27;[0;39m &amp#27;[32m INFO&amp#27;[0;39m &amp#27;[35m54061&amp#27;[0;39m &amp#27;[2m---&amp#27;[0;39m &amp#27;[2m[           main]&amp#27;[0;39m &amp#27;[2m&amp#27;[0;39m&amp#27;[36mcom.zaxxer.hikari.pool.HikariPool       &amp#27;[0;39m &amp#27;[2m:&amp#27;[0;39m HikariPool-2 - Added connection org.testcontainers.jdbc.ConnectionWrapper@1d6b3656
&amp#27;[2m2025-05-14T17:21:04.970+03:00&amp#27;[0;39m &amp#27;[32m INFO&amp#27;[0;39m &amp#27;[35m54061&amp#27;[0;39m &amp#27;[2m---&amp#27;[0;39m &amp#27;[2m[           main]&amp#27;[0;39m &amp#27;[2m&amp#27;[0;39m&amp#27;[36mcom.zaxxer.hikari.HikariDataSource      &amp#27;[0;39m &amp#27;[2m:&amp#27;[0;39m HikariPool-2 - Start completed.
&amp#27;[2m2025-05-14T17:21:04.975+03:00&amp#27;[0;39m &amp#27;[32m INFO&amp#27;[0;39m &amp#27;[35m54061&amp#27;[0;39m &amp#27;[2m---&amp#27;[0;39m &amp#27;[2m[           main]&amp#27;[0;39m &amp#27;[2m&amp#27;[0;39m&amp#27;[36morg.flywaydb.core.FlywayExecutor        &amp#27;[0;39m &amp#27;[2m:&amp#27;[0;39m Database: jdbc:postgresql://localhost:58757/test (PostgreSQL 15.13)
&amp#27;[2m2025-05-14T17:21:04.999+03:00&amp#27;[0;39m &amp#27;[32m INFO&amp#27;[0;39m &amp#27;[35m54061&amp#27;[0;39m &amp#27;[2m---&amp#27;[0;39m &amp#27;[2m[           main]&amp#27;[0;39m &amp#27;[2m&amp#27;[0;39m&amp#27;[36mo.f.c.i.s.JdbcTableSchemaHistory        &amp#27;[0;39m &amp#27;[2m:&amp#27;[0;39m Schema history table "public"."flyway_schema_history" does not exist yet
&amp#27;[2m2025-05-14T17:21:05.001+03:00&amp#27;[0;39m &amp#27;[32m INFO&amp#27;[0;39m &amp#27;[35m54061&amp#27;[0;39m &amp#27;[2m---&amp#27;[0;39m &amp#27;[2m[           main]&amp#27;[0;39m &amp#27;[2m&amp#27;[0;39m&amp#27;[36mo.f.core.internal.command.DbValidate    &amp#27;[0;39m &amp#27;[2m:&amp#27;[0;39m Successfully validated 2 migrations (execution time 00:00.007s)
&amp#27;[2m2025-05-14T17:21:05.016+03:00&amp#27;[0;39m &amp#27;[32m INFO&amp#27;[0;39m &amp#27;[35m54061&amp#27;[0;39m &amp#27;[2m---&amp#27;[0;39m &amp#27;[2m[           main]&amp#27;[0;39m &amp#27;[2m&amp#27;[0;39m&amp#27;[36mo.f.c.i.s.JdbcTableSchemaHistory        &amp#27;[0;39m &amp#27;[2m:&amp#27;[0;39m Creating Schema History table "public"."flyway_schema_history" ...
&amp#27;[2m2025-05-14T17:21:05.075+03:00&amp#27;[0;39m &amp#27;[32m INFO&amp#27;[0;39m &amp#27;[35m54061&amp#27;[0;39m &amp#27;[2m---&amp#27;[0;39m &amp#27;[2m[           main]&amp#27;[0;39m &amp#27;[2m&amp#27;[0;39m&amp#27;[36mo.f.core.internal.command.DbMigrate     &amp#27;[0;39m &amp#27;[2m:&amp#27;[0;39m Current version of schema "public": << Empty Schema >>
&amp#27;[2m2025-05-14T17:21:05.084+03:00&amp#27;[0;39m &amp#27;[32m INFO&amp#27;[0;39m &amp#27;[35m54061&amp#27;[0;39m &amp#27;[2m---&amp#27;[0;39m &amp#27;[2m[           main]&amp#27;[0;39m &amp#27;[2m&amp#27;[0;39m&amp#27;[36mo.f.core.internal.command.DbMigrate     &amp#27;[0;39m &amp#27;[2m:&amp#27;[0;39m Migrating schema "public" to version "1 - init schema"
&amp#27;[2m2025-05-14T17:21:05.126+03:00&amp#27;[0;39m &amp#27;[32m INFO&amp#27;[0;39m &amp#27;[35m54061&amp#27;[0;39m &amp#27;[2m---&amp#27;[0;39m &amp#27;[2m[           main]&amp#27;[0;39m &amp#27;[2m&amp#27;[0;39m&amp#27;[36mo.f.core.internal.command.DbMigrate     &amp#27;[0;39m &amp#27;[2m:&amp#27;[0;39m Migrating schema "public" to version "2 - insert test users"
&amp#27;[2m2025-05-14T17:21:05.153+03:00&amp#27;[0;39m &amp#27;[32m INFO&amp#27;[0;39m &amp#27;[35m54061&amp#27;[0;39m &amp#27;[2m---&amp#27;[0;39m &amp#27;[2m[           main]&amp#27;[0;39m &amp#27;[2m&amp#27;[0;39m&amp#27;[36mo.f.core.internal.command.DbMigrate     &amp#27;[0;39m &amp#27;[2m:&amp#27;[0;39m Successfully applied 2 migrations to schema "public", now at version v2 (execution time 00:00.035s)
&amp#27;[2m2025-05-14T17:21:05.274+03:00&amp#27;[0;39m &amp#27;[32m INFO&amp#27;[0;39m &amp#27;[35m54061&amp#27;[0;39m &amp#27;[2m---&amp#27;[0;39m &amp#27;[2m[           main]&amp#27;[0;39m &amp#27;[2m&amp#27;[0;39m&amp#27;[36mo.hibernate.jpa.internal.util.LogHelper &amp#27;[0;39m &amp#27;[2m:&amp#27;[0;39m HHH000204: Processing PersistenceUnitInfo [name: default]
&amp#27;[2m2025-05-14T17:21:05.279+03:00&amp#27;[0;39m &amp#27;[32m INFO&amp#27;[0;39m &amp#27;[35m54061&amp#27;[0;39m &amp#27;[2m---&amp#27;[0;39m &amp#27;[2m[           main]&amp#27;[0;39m &amp#27;[2m&amp#27;[0;39m&amp#27;[36mo.h.c.internal.RegionFactoryInitiator   &amp#27;[0;39m &amp#27;[2m:&amp#27;[0;39m HHH000026: Second-level cache disabled
&amp#27;[2m2025-05-14T17:21:05.285+03:00&amp#27;[0;39m &amp#27;[32m INFO&amp#27;[0;39m &amp#27;[35m54061&amp#27;[0;39m &amp#27;[2m---&amp#27;[0;39m &amp#27;[2m[           main]&amp#27;[0;39m &amp#27;[2m&amp#27;[0;39m&amp#27;[36mo.s.o.j.p.SpringPersistenceUnitInfo     &amp#27;[0;39m &amp#27;[2m:&amp#27;[0;39m No LoadTimeWeaver setup: ignoring JPA class transformer
&amp#27;[2m2025-05-14T17:21:05.501+03:00&amp#27;[0;39m &amp#27;[32m INFO&amp#27;[0;39m &amp#27;[35m54061&amp#27;[0;39m &amp#27;[2m---&amp#27;[0;39m &amp#27;[2m[           main]&amp#27;[0;39m &amp#27;[2m&amp#27;[0;39m&amp#27;[36mo.h.e.t.j.p.i.JtaPlatformInitiator      &amp#27;[0;39m &amp#27;[2m:&amp#27;[0;39m HHH000489: No JTA platform available (set 'hibernate.transaction.jta.platform' to enable JTA platform integration)
&amp#27;[2m2025-05-14T17:21:05.502+03:00&amp#27;[0;39m &amp#27;[32m INFO&amp#27;[0;39m &amp#27;[35m54061&amp#27;[0;39m &amp#27;[2m---&amp#27;[0;39m &amp#27;[2m[           main]&amp#27;[0;39m &amp#27;[2m&amp#27;[0;39m&amp#27;[36mj.LocalContainerEntityManagerFactoryBean&amp#27;[0;39m &amp#27;[2m:&amp#27;[0;39m Initialized JPA EntityManagerFactory for persistence unit 'default'
&amp#27;[2m2025-05-14T17:21:05.521+03:00&amp#27;[0;39m &amp#27;[32m INFO&amp#27;[0;39m &amp#27;[35m54061&amp#27;[0;39m &amp#27;[2m---&amp#27;[0;39m &amp#27;[2m[           main]&amp#27;[0;39m &amp#27;[2m&amp#27;[0;39m&amp#27;[36mcom.example.demo.util.JwtUtil           &amp#27;[0;39m &amp#27;[2m:&amp#27;[0;39m JWT secret decoded successfully, length: 256 bytes
&amp#27;[2m2025-05-14T17:21:05.724+03:00&amp#27;[0;39m &amp#27;[33m WARN&amp#27;[0;39m &amp#27;[35m54061&amp#27;[0;39m &amp#27;[2m---&amp#27;[0;39m &amp#27;[2m[           main]&amp#27;[0;39m &amp#27;[2m&amp#27;[0;39m&amp#27;[36mJpaBaseConfiguration$JpaWebConfiguration&amp#27;[0;39m &amp#27;[2m:&amp#27;[0;39m spring.jpa.open-in-view is enabled by default. Therefore, database queries may be performed during view rendering. Explicitly configure spring.jpa.open-in-view to disable this warning
&amp#27;[2m2025-05-14T17:21:05.762+03:00&amp#27;[0;39m &amp#27;[33m WARN&amp#27;[0;39m &amp#27;[35m54061&amp#27;[0;39m &amp#27;[2m---&amp#27;[0;39m &amp#27;[2m[           main]&amp#27;[0;39m &amp#27;[2m&amp#27;[0;39m&amp#27;[36m.s.s.UserDetailsServiceAutoConfiguration&amp#27;[0;39m &amp#27;[2m:&amp#27;[0;39m 

Using generated security password: a713612d-1f97-4bb1-ae23-f7840a6bcbc6

This generated password is for development use only. Your security configuration must be updated before running your application in production.

&amp#27;[2m2025-05-14T17:21:05.940+03:00&amp#27;[0;39m &amp#27;[32m INFO&amp#27;[0;39m &amp#27;[35m54061&amp#27;[0;39m &amp#27;[2m---&amp#27;[0;39m &amp#27;[2m[           main]&amp#27;[0;39m &amp#27;[2m&amp#27;[0;39m&amp#27;[36mo.s.b.a.e.web.EndpointLinksResolver     &amp#27;[0;39m &amp#27;[2m:&amp#27;[0;39m Exposing 1 endpoint(s) beneath base path '/actuator'
&amp#27;[2m2025-05-14T17:21:05.990+03:00&amp#27;[0;39m &amp#27;[32m INFO&amp#27;[0;39m &amp#27;[35m54061&amp#27;[0;39m &amp#27;[2m---&amp#27;[0;39m &amp#27;[2m[           main]&amp#27;[0;39m &amp#27;[2m&amp#27;[0;39m&amp#27;[36mo.s.s.web.DefaultSecurityFilterChain    &amp#27;[0;39m &amp#27;[2m:&amp#27;[0;39m Will secure any request with [org.springframework.security.web.session.DisableEncodeUrlFilter@8d88392, org.springframework.security.web.context.request.async.WebAsyncManagerIntegrationFilter@5843d063, org.springframework.security.web.context.SecurityContextHolderFilter@1a369c3a, org.springframework.security.web.header.HeaderWriterFilter@fa85168, org.springframework.web.filter.CorsFilter@34ba9ff3, org.springframework.security.web.authentication.logout.LogoutFilter@2983dc74, com.example.demo.config.JwtFilter@10aac913, org.springframework.security.web.savedrequest.RequestCacheAwareFilter@286cd33a, org.springframework.security.web.servletapi.SecurityContextHolderAwareRequestFilter@43bf1a97, org.springframework.security.web.authentication.AnonymousAuthenticationFilter@18225180, org.springframework.security.web.session.SessionManagementFilter@798462c4, org.springframework.security.web.access.ExceptionTranslationFilter@10316997, org.springframework.security.web.access.intercept.AuthorizationFilter@70c411e3]
&amp#27;[2m2025-05-14T17:21:06.267+03:00&amp#27;[0;39m &amp#27;[32m INFO&amp#27;[0;39m &amp#27;[35m54061&amp#27;[0;39m &amp#27;[2m---&amp#27;[0;39m &amp#27;[2m[           main]&amp#27;[0;39m &amp#27;[2m&amp#27;[0;39m&amp#27;[36mo.s.b.t.m.w.SpringBootMockServletContext&amp#27;[0;39m &amp#27;[2m:&amp#27;[0;39m Initializing Spring TestDispatcherServlet ''
&amp#27;[2m2025-05-14T17:21:06.268+03:00&amp#27;[0;39m &amp#27;[32m INFO&amp#27;[0;39m &amp#27;[35m54061&amp#27;[0;39m &amp#27;[2m---&amp#27;[0;39m &amp#27;[2m[           main]&amp#27;[0;39m &amp#27;[2m&amp#27;[0;39m&amp#27;[36mo.s.t.web.servlet.TestDispatcherServlet &amp#27;[0;39m &amp#27;[2m:&amp#27;[0;39m Initializing Servlet ''
&amp#27;[2m2025-05-14T17:21:06.270+03:00&amp#27;[0;39m &amp#27;[32m INFO&amp#27;[0;39m &amp#27;[35m54061&amp#27;[0;39m &amp#27;[2m---&amp#27;[0;39m &amp#27;[2m[           main]&amp#27;[0;39m &amp#27;[2m&amp#27;[0;39m&amp#27;[36mo.s.t.web.servlet.TestDispatcherServlet &amp#27;[0;39m &amp#27;[2m:&amp#27;[0;39m Completed initialization in 2 ms
&amp#27;[2m2025-05-14T17:21:06.311+03:00&amp#27;[0;39m &amp#27;[32m INFO&amp#27;[0;39m &amp#27;[35m54061&amp#27;[0;39m &amp#27;[2m---&amp#27;[0;39m &amp#27;[2m[           main]&amp#27;[0;39m &amp#27;[2m&amp#27;[0;39m&amp#27;[36mc.e.demo.controller.UserControllerTest  &amp#27;[0;39m &amp#27;[2m:&amp#27;[0;39m Started UserControllerTest in 12.281 seconds (process running for 32.914)
&amp#27;[2m2025-05-14T17:21:06.316+03:00&amp#27;[0;39m &amp#27;[32m INFO&amp#27;[0;39m &amp#27;[35m54061&amp#27;[0;39m &amp#27;[2m---&amp#27;[0;39m &amp#27;[2m[   scheduling-1]&amp#27;[0;39m &amp#27;[2m&amp#27;[0;39m&amp#27;[36mc.example.demo.service.BalanceScheduler &amp#27;[0;39m &amp#27;[2m:&amp#27;[0;39m Starting balance increase process
&amp#27;[2m2025-05-14T17:21:06.353+03:00&amp#27;[0;39m &amp#27;[32m INFO&amp#27;[0;39m &amp#27;[35m54061&amp#27;[0;39m &amp#27;[2m---&amp#27;[0;39m &amp#27;[2m[   scheduling-1]&amp#27;[0;39m &amp#27;[2m&amp#27;[0;39m&amp#27;[36mc.example.demo.service.BalanceScheduler &amp#27;[0;39m &amp#27;[2m:&amp#27;[0;39m Balance increase process completed
&amp#27;[2m2025-05-14T17:21:06.841+03:00&amp#27;[0;39m &amp#27;[32m INFO&amp#27;[0;39m &amp#27;[35m54061&amp#27;[0;39m &amp#27;[2m---&amp#27;[0;39m &amp#27;[2m[           main]&amp#27;[0;39m &amp#27;[2m&amp#27;[0;39m&amp#27;[36mc.e.demo.controller.UserController      &amp#27;[0;39m &amp#27;[2m:&amp#27;[0;39m Deleting phone 71234567890 for user 1
]]></system-out>
  </testcase>
  <testcase name="deleteEmail_success" classname="com.example.demo.controller.UserControllerTest" time="0.008">
    <system-out><![CDATA[&amp#27;[2m2025-05-14T17:21:06.892+03:00&amp#27;[0;39m &amp#27;[32m INFO&amp#27;[0;39m &amp#27;[35m54061&amp#27;[0;39m &amp#27;[2m---&amp#27;[0;39m &amp#27;[2m[           main]&amp#27;[0;39m &amp#27;[2m&amp#27;[0;39m&amp#27;[36mc.e.demo.controller.UserController      &amp#27;[0;39m &amp#27;[2m:&amp#27;[0;39m Deleting email john.doe@example.com for user 1
]]></system-out>
  </testcase>
  <testcase name="addPhone_success" classname="com.example.demo.controller.UserControllerTest" time="0.07">
    <system-out><![CDATA[&amp#27;[2m2025-05-14T17:21:06.964+03:00&amp#27;[0;39m &amp#27;[32m INFO&amp#27;[0;39m &amp#27;[35m54061&amp#27;[0;39m &amp#27;[2m---&amp#27;[0;39m &amp#27;[2m[           main]&amp#27;[0;39m &amp#27;[2m&amp#27;[0;39m&amp#27;[36mc.e.demo.controller.UserController      &amp#27;[0;39m &amp#27;[2m:&amp#27;[0;39m Adding phone 79876543210 for user 1
]]></system-out>
  </testcase>
  <testcase name="updatePhone_success" classname="com.example.demo.controller.UserControllerTest" time="0.01">
    <system-out><![CDATA[&amp#27;[2m2025-05-14T17:21:06.974+03:00&amp#27;[0;39m &amp#27;[32m INFO&amp#27;[0;39m &amp#27;[35m54061&amp#27;[0;39m &amp#27;[2m---&amp#27;[0;39m &amp#27;[2m[           main]&amp#27;[0;39m &amp#27;[2m&amp#27;[0;39m&amp#27;[36mc.e.demo.controller.UserController      &amp#27;[0;39m &amp#27;[2m:&amp#27;[0;39m Updating phone from 71234567890 to 79876543210 for user 1
]]></system-out>
  </testcase>
  <testcase name="addEmail_success" classname="com.example.demo.controller.UserControllerTest" time="0.025">
    <system-out><![CDATA[&amp#27;[2m2025-05-14T17:21:06.999+03:00&amp#27;[0;39m &amp#27;[32m INFO&amp#27;[0;39m &amp#27;[35m54061&amp#27;[0;39m &amp#27;[2m---&amp#27;[0;39m &amp#27;[2m[           main]&amp#27;[0;39m &amp#27;[2m&amp#27;[0;39m&amp#27;[36mc.e.demo.controller.UserController      &amp#27;[0;39m &amp#27;[2m:&amp#27;[0;39m Adding email new.email@example.com for user 1
]]></system-out>
  </testcase>
  <testcase name="updateEmail_success" classname="com.example.demo.controller.UserControllerTest" time="0.008">
    <system-out><![CDATA[&amp#27;[2m2025-05-14T17:21:07.010+03:00&amp#27;[0;39m &amp#27;[32m INFO&amp#27;[0;39m &amp#27;[35m54061&amp#27;[0;39m &amp#27;[2m---&amp#27;[0;39m &amp#27;[2m[           main]&amp#27;[0;39m &amp#27;[2m&amp#27;[0;39m&amp#27;[36mc.e.demo.controller.UserController      &amp#27;[0;39m &amp#27;[2m:&amp#27;[0;39m Updating email from john.doe@example.com to updated.email@example.com for user 1
]]></system-out>
  </testcase>
  <testcase name="addEmail_invalidEmail_throwsConstraintViolationException" classname="com.example.demo.controller.UserControllerTest" time="0.02"/>
  <testcase name="getUserById_notFound_throwsIllegalArgumentException" classname="com.example.demo.controller.UserControllerTest" time="0.045">
    <system-out><![CDATA[&amp#27;[2m2025-05-14T17:21:07.039+03:00&amp#27;[0;39m &amp#27;[32m INFO&amp#27;[0;39m &amp#27;[35m54061&amp#27;[0;39m &amp#27;[2m---&amp#27;[0;39m &amp#27;[2m[           main]&amp#27;[0;39m &amp#27;[2m&amp#27;[0;39m&amp#27;[36mc.e.demo.controller.UserController      &amp#27;[0;39m &amp#27;[2m:&amp#27;[0;39m Fetching user with id 999 by user 1
&amp#27;[2m2025-05-14T17:21:07.041+03:00&amp#27;[0;39m &amp#27;[33m WARN&amp#27;[0;39m &amp#27;[35m54061&amp#27;[0;39m &amp#27;[2m---&amp#27;[0;39m &amp#27;[2m[           main]&amp#27;[0;39m &amp#27;[2m&amp#27;[0;39m&amp#27;[36mc.example.demo.exception.ErrorHandler   &amp#27;[0;39m &amp#27;[2m:&amp#27;[0;39m Illegal argument error: User not found with id: 999
]]></system-out>
  </testcase>
  <testcase name="deletePhone_accessDenied_throwsAccessDeniedException" classname="com.example.demo.controller.UserControllerTest" time="0.005">
    <system-out><![CDATA[&amp#27;[2m2025-05-14T17:21:07.082+03:00&amp#27;[0;39m &amp#27;[32m INFO&amp#27;[0;39m &amp#27;[35m54061&amp#27;[0;39m &amp#27;[2m---&amp#27;[0;39m &amp#27;[2m[           main]&amp#27;[0;39m &amp#27;[2m&amp#27;[0;39m&amp#27;[36mc.e.demo.controller.UserController      &amp#27;[0;39m &amp#27;[2m:&amp#27;[0;39m Deleting phone 71234567890 for user 2
&amp#27;[2m2025-05-14T17:21:07.083+03:00&amp#27;[0;39m &amp#27;[33m WARN&amp#27;[0;39m &amp#27;[35m54061&amp#27;[0;39m &amp#27;[2m---&amp#27;[0;39m &amp#27;[2m[           main]&amp#27;[0;39m &amp#27;[2m&amp#27;[0;39m&amp#27;[36mc.e.demo.controller.UserController      &amp#27;[0;39m &amp#27;[2m:&amp#27;[0;39m User 1 attempted to modify user 2 phone
&amp#27;[2m2025-05-14T17:21:07.083+03:00&amp#27;[0;39m &amp#27;[33m WARN&amp#27;[0;39m &amp#27;[35m54061&amp#27;[0;39m &amp#27;[2m---&amp#27;[0;39m &amp#27;[2m[           main]&amp#27;[0;39m &amp#27;[2m&amp#27;[0;39m&amp#27;[36mc.example.demo.exception.ErrorHandler   &amp#27;[0;39m &amp#27;[2m:&amp#27;[0;39m Access denied: Cannot modify another user's data
]]></system-out>
  </testcase>
  <testcase name="deleteEmail_accessDenied_throwsAccessDeniedException" classname="com.example.demo.controller.UserControllerTest" time="0.006">
    <system-out><![CDATA[&amp#27;[2m2025-05-14T17:21:07.088+03:00&amp#27;[0;39m &amp#27;[32m INFO&amp#27;[0;39m &amp#27;[35m54061&amp#27;[0;39m &amp#27;[2m---&amp#27;[0;39m &amp#27;[2m[           main]&amp#27;[0;39m &amp#27;[2m&amp#27;[0;39m&amp#27;[36mc.e.demo.controller.UserController      &amp#27;[0;39m &amp#27;[2m:&amp#27;[0;39m Deleting email john.doe@example.com for user 2
&amp#27;[2m2025-05-14T17:21:07.088+03:00&amp#27;[0;39m &amp#27;[33m WARN&amp#27;[0;39m &amp#27;[35m54061&amp#27;[0;39m &amp#27;[2m---&amp#27;[0;39m &amp#27;[2m[           main]&amp#27;[0;39m &amp#27;[2m&amp#27;[0;39m&amp#27;[36mc.e.demo.controller.UserController      &amp#27;[0;39m &amp#27;[2m:&amp#27;[0;39m User 1 attempted to modify user 2 email
&amp#27;[2m2025-05-14T17:21:07.088+03:00&amp#27;[0;39m &amp#27;[33m WARN&amp#27;[0;39m &amp#27;[35m54061&amp#27;[0;39m &amp#27;[2m---&amp#27;[0;39m &amp#27;[2m[           main]&amp#27;[0;39m &amp#27;[2m&amp#27;[0;39m&amp#27;[36mc.example.demo.exception.ErrorHandler   &amp#27;[0;39m &amp#27;[2m:&amp#27;[0;39m Access denied: Cannot modify another user's data
]]></system-out>
  </testcase>
  <testcase name="updatePhone_accessDenied_throwsAccessDeniedException" classname="com.example.demo.controller.UserControllerTest" time="0.012">
    <system-out><![CDATA[&amp#27;[2m2025-05-14T17:21:07.102+03:00&amp#27;[0;39m &amp#27;[32m INFO&amp#27;[0;39m &amp#27;[35m54061&amp#27;[0;39m &amp#27;[2m---&amp#27;[0;39m &amp#27;[2m[           main]&amp#27;[0;39m &amp#27;[2m&amp#27;[0;39m&amp#27;[36mc.e.demo.controller.UserController      &amp#27;[0;39m &amp#27;[2m:&amp#27;[0;39m Updating phone from 71234567890 to 79876543210 for user 2
&amp#27;[2m2025-05-14T17:21:07.102+03:00&amp#27;[0;39m &amp#27;[33m WARN&amp#27;[0;39m &amp#27;[35m54061&amp#27;[0;39m &amp#27;[2m---&amp#27;[0;39m &amp#27;[2m[           main]&amp#27;[0;39m &amp#27;[2m&amp#27;[0;39m&amp#27;[36mc.e.demo.controller.UserController      &amp#27;[0;39m &amp#27;[2m:&amp#27;[0;39m User 1 attempted to modify user 2 phone
&amp#27;[2m2025-05-14T17:21:07.102+03:00&amp#27;[0;39m &amp#27;[33m WARN&amp#27;[0;39m &amp#27;[35m54061&amp#27;[0;39m &amp#27;[2m---&amp#27;[0;39m &amp#27;[2m[           main]&amp#27;[0;39m &amp#27;[2m&amp#27;[0;39m&amp#27;[36mc.example.demo.exception.ErrorHandler   &amp#27;[0;39m &amp#27;[2m:&amp#27;[0;39m Access denied: Cannot modify another user's data
]]></system-out>
  </testcase>
  <testcase name="addPhone_accessDenied_throwsAccessDeniedException" classname="com.example.demo.controller.UserControllerTest" time="0.013">
    <system-out><![CDATA[&amp#27;[2m2025-05-14T17:21:07.114+03:00&amp#27;[0;39m &amp#27;[32m INFO&amp#27;[0;39m &amp#27;[35m54061&amp#27;[0;39m &amp#27;[2m---&amp#27;[0;39m &amp#27;[2m[           main]&amp#27;[0;39m &amp#27;[2m&amp#27;[0;39m&amp#27;[36mc.e.demo.controller.UserController      &amp#27;[0;39m &amp#27;[2m:&amp#27;[0;39m Adding phone 79876543210 for user 2
&amp#27;[2m2025-05-14T17:21:07.114+03:00&amp#27;[0;39m &amp#27;[33m WARN&amp#27;[0;39m &amp#27;[35m54061&amp#27;[0;39m &amp#27;[2m---&amp#27;[0;39m &amp#27;[2m[           main]&amp#27;[0;39m &amp#27;[2m&amp#27;[0;39m&amp#27;[36mc.e.demo.controller.UserController      &amp#27;[0;39m &amp#27;[2m:&amp#27;[0;39m User 1 attempted to modify user 2 phone
&amp#27;[2m2025-05-14T17:21:07.115+03:00&amp#27;[0;39m &amp#27;[33m WARN&amp#27;[0;39m &amp#27;[35m54061&amp#27;[0;39m &amp#27;[2m---&amp#27;[0;39m &amp#27;[2m[           main]&amp#27;[0;39m &amp#27;[2m&amp#27;[0;39m&amp#27;[36mc.example.demo.exception.ErrorHandler   &amp#27;[0;39m &amp#27;[2m:&amp#27;[0;39m Access denied: Cannot modify another user's data
]]></system-out>
  </testcase>
  <testcase name="searchUsers_success" classname="com.example.demo.controller.UserControllerTest" time="0.034">
    <system-out><![CDATA[&amp#27;[2m2025-05-14T17:21:07.135+03:00&amp#27;[0;39m &amp#27;[32m INFO&amp#27;[0;39m &amp#27;[35m54061&amp#27;[0;39m &amp#27;[2m---&amp#27;[0;39m &amp#27;[2m[           main]&amp#27;[0;39m &amp#27;[2m&amp#27;[0;39m&amp#27;[36mc.e.demo.controller.UserController      &amp#27;[0;39m &amp#27;[2m:&amp#27;[0;39m Searching users with filters: name=John, dateOfBirth=15.05.1990, phone=null, email=null, page=0, size=10
]]></system-out>
  </testcase>
  <testcase name="updateEmail_accessDenied_throwsAccessDeniedException" classname="com.example.demo.controller.UserControllerTest" time="0.012">
    <system-out><![CDATA[&amp#27;[2m2025-05-14T17:21:07.162+03:00&amp#27;[0;39m &amp#27;[32m INFO&amp#27;[0;39m &amp#27;[35m54061&amp#27;[0;39m &amp#27;[2m---&amp#27;[0;39m &amp#27;[2m[           main]&amp#27;[0;39m &amp#27;[2m&amp#27;[0;39m&amp#27;[36mc.e.demo.controller.UserController      &amp#27;[0;39m &amp#27;[2m:&amp#27;[0;39m Updating email from john.doe@example.com to updated.email@example.com for user 2
&amp#27;[2m2025-05-14T17:21:07.163+03:00&amp#27;[0;39m &amp#27;[33m WARN&amp#27;[0;39m &amp#27;[35m54061&amp#27;[0;39m &amp#27;[2m---&amp#27;[0;39m &amp#27;[2m[           main]&amp#27;[0;39m &amp#27;[2m&amp#27;[0;39m&amp#27;[36mc.e.demo.controller.UserController      &amp#27;[0;39m &amp#27;[2m:&amp#27;[0;39m User 1 attempted to modify user 2 email
&amp#27;[2m2025-05-14T17:21:07.163+03:00&amp#27;[0;39m &amp#27;[33m WARN&amp#27;[0;39m &amp#27;[35m54061&amp#27;[0;39m &amp#27;[2m---&amp#27;[0;39m &amp#27;[2m[           main]&amp#27;[0;39m &amp#27;[2m&amp#27;[0;39m&amp#27;[36mc.example.demo.exception.ErrorHandler   &amp#27;[0;39m &amp#27;[2m:&amp#27;[0;39m Access denied: Cannot modify another user's data
]]></system-out>
  </testcase>
  <testcase name="addEmail_accessDenied_throwsAccessDeniedException" classname="com.example.demo.controller.UserControllerTest" time="0.008">
    <system-out><![CDATA[&amp#27;[2m2025-05-14T17:21:07.173+03:00&amp#27;[0;39m &amp#27;[32m INFO&amp#27;[0;39m &amp#27;[35m54061&amp#27;[0;39m &amp#27;[2m---&amp#27;[0;39m &amp#27;[2m[           main]&amp#27;[0;39m &amp#27;[2m&amp#27;[0;39m&amp#27;[36mc.e.demo.controller.UserController      &amp#27;[0;39m &amp#27;[2m:&amp#27;[0;39m Adding email new.email@example.com for user 2
&amp#27;[2m2025-05-14T17:21:07.174+03:00&amp#27;[0;39m &amp#27;[33m WARN&amp#27;[0;39m &amp#27;[35m54061&amp#27;[0;39m &amp#27;[2m---&amp#27;[0;39m &amp#27;[2m[           main]&amp#27;[0;39m &amp#27;[2m&amp#27;[0;39m&amp#27;[36mc.e.demo.controller.UserController      &amp#27;[0;39m &amp#27;[2m:&amp#27;[0;39m User 1 attempted to modify user 2 email
&amp#27;[2m2025-05-14T17:21:07.174+03:00&amp#27;[0;39m &amp#27;[33m WARN&amp#27;[0;39m &amp#27;[35m54061&amp#27;[0;39m &amp#27;[2m---&amp#27;[0;39m &amp#27;[2m[           main]&amp#27;[0;39m &amp#27;[2m&amp#27;[0;39m&amp#27;[36mc.example.demo.exception.ErrorHandler   &amp#27;[0;39m &amp#27;[2m:&amp#27;[0;39m Access denied: Cannot modify another user's data
]]></system-out>
  </testcase>
  <testcase name="getUserById_success" classname="com.example.demo.controller.UserControllerTest" time="0.027">
    <system-out><![CDATA[&amp#27;[2m2025-05-14T17:21:07.185+03:00&amp#27;[0;39m &amp#27;[32m INFO&amp#27;[0;39m &amp#27;[35m54061&amp#27;[0;39m &amp#27;[2m---&amp#27;[0;39m &amp#27;[2m[           main]&amp#27;[0;39m &amp#27;[2m&amp#27;[0;39m&amp#27;[36mc.e.demo.controller.UserController      &amp#27;[0;39m &amp#27;[2m:&amp#27;[0;39m Fetching user with id 1 by user 1
]]></system-out>
  </testcase>
</testsuite>